# JRE version: OpenJDK Runtime Environment JBR-17.0.14+1-1367.22-nomod (17.0.14+1) (build 17.0.14+1-b1367.22)
# Java VM: OpenJDK 64-Bit Server VM JBR-17.0.14+1-1367.22-nomod (17.0.14+1-b1367.22, mixed mode, sharing, tiered, compressed oops, compressed class ptrs, g1 gc, windows-amd64)
GC Precious Log:
 CPUs: 12 total, 12 available
 Memory: 16027M
 Large Page Support: Disabled
 NUMA Support: Disabled
 Compressed Oops: Enabled (Zero based)
 Heap Region Size: 2M
 Heap Min Capacity: 8M
 Heap Initial Capacity: 252M
 Heap Max Capacity: 4008M
 Pre-touch: Disabled
 Parallel Workers: 10
 Concurrent Workers: 3
 Concurrent Refinement Workers: 10
 Periodic GC: Disabled
Heap:
 garbage-first heap   total 157696K, used 34072K [0x0000000705800000, 0x0000000800000000)
  region size 2048K, 10 young (20480K), 5 survivors (10240K)
 Metaspace       used 30120K, committed 30464K, reserved 1114112K
  class space    used 3653K, committed 3840K, reserved 1048576K
GC Heap History (12 events):
Event: 0.361 GC heap before
{Heap before GC invocations=0 (full 0):
 garbage-first heap   total 258048K, used 22528K [0x0000000705800000, 0x0000000800000000)
  region size 2048K, 11 young (22528K), 0 survivors (0K)
 Metaspace       used 5583K, committed 5760K, reserved 1114112K
  class space    used 696K, committed 768K, reserved 1048576K
}
Event: 0.366 GC heap after
{Heap after GC invocations=1 (full 0):
 garbage-first heap   total 258048K, used 3750K [0x0000000705800000, 0x0000000800000000)
  region size 2048K, 2 young (4096K), 2 survivors (4096K)
 Metaspace       used 5583K, committed 5760K, reserved 1114112K
  class space    used 696K, committed 768K, reserved 1048576K
}
Event: 0.662 GC heap before
{Heap before GC invocations=1 (full 0):
 garbage-first heap   total 258048K, used 34470K [0x0000000705800000, 0x0000000800000000)
  region size 2048K, 17 young (34816K), 2 survivors (4096K)
 Metaspace       used 9208K, committed 9344K, reserved 1114112K
  class space    used 1157K, committed 1216K, reserved 1048576K
}
Event: 0.666 GC heap after
{Heap after GC invocations=2 (full 0):
 garbage-first heap   total 258048K, used 5014K [0x0000000705800000, 0x0000000800000000)
  region size 2048K, 1 young (2048K), 1 survivors (2048K)
 Metaspace       used 9208K, committed 9344K, reserved 1114112K
  class space    used 1157K, committed 1216K, reserved 1048576K
}
Event: 1.788 GC heap before
{Heap before GC invocations=2 (full 0):
 garbage-first heap   total 258048K, used 88982K [0x0000000705800000, 0x0000000800000000)
  region size 2048K, 43 young (88064K), 1 survivors (2048K)
 Metaspace       used 21241K, committed 21504K, reserved 1114112K
  class space    used 2678K, committed 2816K, reserved 1048576K
}
Event: 1.795 GC heap after
{Heap after GC invocations=3 (full 0):
 garbage-first heap   total 258048K, used 10700K [0x0000000705800000, 0x0000000800000000)
  region size 2048K, 4 young (8192K), 4 survivors (8192K)
 Metaspace       used 21241K, committed 21504K, reserved 1114112K
  class space    used 2678K, committed 2816K, reserved 1048576K
}
Event: 2.115 GC heap before
{Heap before GC invocations=4 (full 0):
 garbage-first heap   total 49152K, used 37324K [0x0000000705800000, 0x0000000800000000)
  region size 2048K, 18 young (36864K), 4 survivors (8192K)
 Metaspace       used 25389K, committed 25664K, reserved 1114112K
  class space    used 3134K, committed 3264K, reserved 1048576K
}
Event: 2.124 GC heap after
{Heap after GC invocations=5 (full 0):
 garbage-first heap   total 55296K, used 15944K [0x0000000705800000, 0x0000000800000000)
  region size 2048K, 3 young (6144K), 3 survivors (6144K)
 Metaspace       used 25389K, committed 25664K, reserved 1114112K
  class space    used 3134K, committed 3264K, reserved 1048576K
}
Event: 2.148 GC heap before
{Heap before GC invocations=5 (full 0):
 garbage-first heap   total 55296K, used 17992K [0x0000000705800000, 0x0000000800000000)
  region size 2048K, 4 young (8192K), 3 survivors (6144K)
 Metaspace       used 25554K, committed 25792K, reserved 1114112K
  class space    used 3156K, committed 3264K, reserved 1048576K
}
Event: 2.155 GC heap after
{Heap after GC invocations=6 (full 0):
 garbage-first heap   total 157696K, used 17194K [0x0000000705800000, 0x0000000800000000)
  region size 2048K, 1 young (2048K), 1 survivors (2048K)
 Metaspace       used 25554K, committed 25792K, reserved 1114112K
  class space    used 3156K, committed 3264K, reserved 1048576K
}
Event: 3.385 GC heap before
{Heap before GC invocations=6 (full 0):
 garbage-first heap   total 157696K, used 109354K [0x0000000705800000, 0x0000000800000000)
  region size 2048K, 46 young (94208K), 1 survivors (2048K)
 Metaspace       used 29471K, committed 29824K, reserved 1114112K
  class space    used 3564K, committed 3776K, reserved 1048576K
}
Event: 3.394 GC heap after
{Heap after GC invocations=7 (full 0):
 garbage-first heap   total 157696K, used 25880K [0x0000000705800000, 0x0000000800000000)
  region size 2048K, 5 young (10240K), 5 survivors (10240K)
 Metaspace       used 29471K, committed 29824K, reserved 1114112K
  class space    used 3564K, committed 3776K, reserved 1048576K
}

